1554616514558:help
1554616823241:genre list
1554620375914:genre add Стихи
1554620396730:genre list
1554620412952:help
1554620421961:genre delete 3
1554620458889:genre add Стихи
1554620468474:genre list
1554620473674:genre delete 3
1554620481946:genre list
1554621248480:help
1554621259322:author list
1554621313150:author add pong 12.12.2000 12345 p@pa.ru no_add
1554621322313:author list
1554622653997:book list
1554622730280:help
1554622754650:book find by id 1
1554622772139:book find by isbn 1111111
1554623241775:book list
1554623248498:help
1554623265128:book find by isbn 1111111
1554623279964:book find by isbn 1111111222
1554623295609:stacktrace
1554633557149:book list
1554633567833:comments list 1
1554633695335:help
1554633734941:comments add 1 pavel "Первый комментарий"
1554633751145:stacktrace
1554633779794:books list
1554633790025:help
1554633799417:book list
1554633811612:comments add 1 pavel test
1554633936862:comments list 1 pavel test
1554633953612:comments add 1 pavel test
1554634220139:comments list 1
1554634242236:comments add 1 p2 test2
1554634294939:comments list 1
1554634595784:comments add 1 pavel ttt
1554634602091:comment list 1
1554634608823:comments list 1
1554634641098:comments add 1 p2 tts
1554634649387:comments list 1
1554668403940:book list
1554668410542:comment list
1554668416781:comments list
1554668424750:comments list 1
